<?xml version="1.0" encoding="UTF-8"?>
<!-- Generated by org.testng.reporters.JUnitXMLReporter -->
<testsuite ignored="0" hostname="DESKTOP-TL9ALR0" failures="0" tests="3" name="AppiumTest" time="227.077" errors="0" timestamp="19 Jun 2021 08:02:36 GMT">
  <testcase classname="com.Appium.Tests.TestECommerce4" name="testValidation" time="96.322"/>
  <testcase classname="com.Appium.Tests.TestAPIDemo" name="apiDemo" time="65.709"/>
  <testcase classname="com.Appium.Tests.TestAPIDemo" name="apiDemo" time="58.446"/>
</testsuite> <!-- AppiumTest -->
